mode: set
go.starlark.net/lib/time/time.go:44.48,48.2 1 1
go.starlark.net/lib/time/time.go:55.136,59.2 3 1
go.starlark.net/lib/time/time.go:61.136,63.79 2 0
go.starlark.net/lib/time/time.go:66.2,67.16 2 0
go.starlark.net/lib/time/time.go:71.2,71.43 1 0
go.starlark.net/lib/time/time.go:63.79,65.3 1 0
go.starlark.net/lib/time/time.go:67.16,69.3 1 0
go.starlark.net/lib/time/time.go:79.128,81.86 2 1
go.starlark.net/lib/time/time.go:85.2,86.27 2 1
go.starlark.net/lib/time/time.go:81.86,83.3 1 0
go.starlark.net/lib/time/time.go:89.132,94.118 2 1
go.starlark.net/lib/time/time.go:98.2,98.20 1 1
go.starlark.net/lib/time/time.go:106.2,107.16 2 0
go.starlark.net/lib/time/time.go:110.2,111.16 2 0
go.starlark.net/lib/time/time.go:114.2,114.21 1 0
go.starlark.net/lib/time/time.go:94.118,96.3 1 0
go.starlark.net/lib/time/time.go:98.20,100.17 2 1
go.starlark.net/lib/time/time.go:103.3,103.22 1 1
go.starlark.net/lib/time/time.go:100.17,102.4 1 0
go.starlark.net/lib/time/time.go:107.16,109.3 1 0
go.starlark.net/lib/time/time.go:111.16,113.3 1 0
go.starlark.net/lib/time/time.go:117.135,119.75 2 1
go.starlark.net/lib/time/time.go:122.2,122.42 1 1
go.starlark.net/lib/time/time.go:119.75,121.3 1 0
go.starlark.net/lib/time/time.go:125.126,127.2 1 0
go.starlark.net/lib/time/time.go:132.134,134.87 2 1
go.starlark.net/lib/time/time.go:137.2,137.15 1 1
go.starlark.net/lib/time/time.go:134.87,136.3 1 0
go.starlark.net/lib/time/time.go:144.51,145.23 1 1
go.starlark.net/lib/time/time.go:166.2,166.66 1 0
go.starlark.net/lib/time/time.go:146.16,148.13 2 1
go.starlark.net/lib/time/time.go:149.20,151.10 2 1
go.starlark.net/lib/time/time.go:154.3,155.13 2 1
go.starlark.net/lib/time/time.go:156.23,158.17 2 1
go.starlark.net/lib/time/time.go:162.3,163.13 2 1
go.starlark.net/lib/time/time.go:151.10,153.4 1 0
go.starlark.net/lib/time/time.go:158.17,160.4 1 0
go.starlark.net/lib/time/time.go:170.35,170.71 1 0
go.starlark.net/lib/time/time.go:173.33,173.59 1 0
go.starlark.net/lib/time/time.go:177.29,177.30 0 1
go.starlark.net/lib/time/time.go:181.42,183.2 1 0
go.starlark.net/lib/time/time.go:187.41,187.58 1 0
go.starlark.net/lib/time/time.go:191.61,192.14 1 1
go.starlark.net/lib/time/time.go:202.2,202.72 1 0
go.starlark.net/lib/time/time.go:193.15,194.55 1 1
go.starlark.net/lib/time/time.go:195.17,196.57 1 1
go.starlark.net/lib/time/time.go:197.17,198.57 1 1
go.starlark.net/lib/time/time.go:199.21,200.65 1 1
go.starlark.net/lib/time/time.go:207.40,214.2 1 0
go.starlark.net/lib/time/time.go:226.103,229.12 2 1
go.starlark.net/lib/time/time.go:347.2,347.17 1 0
go.starlark.net/lib/time/time.go:230.19,231.25 1 1
go.starlark.net/lib/time/time.go:244.20,245.25 1 1
go.starlark.net/lib/time/time.go:259.20,260.25 1 0
go.starlark.net/lib/time/time.go:292.25,293.25 1 0
go.starlark.net/lib/time/time.go:322.19,323.25 1 1
go.starlark.net/lib/time/time.go:232.17,233.46 1 1
go.starlark.net/lib/time/time.go:234.21,236.11 2 0
go.starlark.net/lib/time/time.go:239.4,239.46 1 0
go.starlark.net/lib/time/time.go:240.13,241.41 1 0
go.starlark.net/lib/time/time.go:236.11,238.5 1 0
go.starlark.net/lib/time/time.go:246.17,247.46 1 1
go.starlark.net/lib/time/time.go:248.21,250.11 2 0
go.starlark.net/lib/time/time.go:253.4,253.46 1 0
go.starlark.net/lib/time/time.go:254.13,256.19 1 0
go.starlark.net/lib/time/time.go:250.11,252.5 1 0
go.starlark.net/lib/time/time.go:261.17,262.21 1 0
go.starlark.net/lib/time/time.go:265.4,265.21 1 0
go.starlark.net/lib/time/time.go:266.21,268.11 2 0
go.starlark.net/lib/time/time.go:271.4,271.21 1 0
go.starlark.net/lib/time/time.go:274.4,274.41 1 0
go.starlark.net/lib/time/time.go:275.13,275.13 0 0
go.starlark.net/lib/time/time.go:262.21,264.5 1 0
go.starlark.net/lib/time/time.go:268.11,270.5 1 0
go.starlark.net/lib/time/time.go:271.21,273.5 1 0
go.starlark.net/lib/time/time.go:294.17,295.21 1 0
go.starlark.net/lib/time/time.go:298.4,298.21 1 0
go.starlark.net/lib/time/time.go:299.21,301.11 2 0
go.starlark.net/lib/time/time.go:304.4,304.31 1 0
go.starlark.net/lib/time/time.go:305.13,305.13 0 0
go.starlark.net/lib/time/time.go:295.21,297.5 1 0
go.starlark.net/lib/time/time.go:301.11,303.5 1 0
go.starlark.net/lib/time/time.go:324.17,325.21 1 0
go.starlark.net/lib/time/time.go:326.21,328.11 2 1
go.starlark.net/lib/time/time.go:331.4,331.31 1 1
go.starlark.net/lib/time/time.go:332.13,332.13 0 0
go.starlark.net/lib/time/time.go:328.11,330.5 1 0
go.starlark.net/lib/time/time.go:353.130,358.180 2 0
go.starlark.net/lib/time/time.go:361.2,362.16 2 0
go.starlark.net/lib/time/time.go:365.2,365.91 1 0
go.starlark.net/lib/time/time.go:358.180,360.3 1 0
go.starlark.net/lib/time/time.go:362.16,364.3 1 0
go.starlark.net/lib/time/time.go:369.31,369.63 1 0
go.starlark.net/lib/time/time.go:372.29,372.51 1 0
go.starlark.net/lib/time/time.go:376.25,376.26 0 1
go.starlark.net/lib/time/time.go:380.38,382.2 1 0
go.starlark.net/lib/time/time.go:386.37,386.84 1 0
go.starlark.net/lib/time/time.go:390.57,391.14 1 1
go.starlark.net/lib/time/time.go:411.2,411.42 1 1
go.starlark.net/lib/time/time.go:392.14,393.52 1 1
go.starlark.net/lib/time/time.go:394.15,395.58 1 0
go.starlark.net/lib/time/time.go:396.13,397.51 1 0
go.starlark.net/lib/time/time.go:398.14,399.52 1 0
go.starlark.net/lib/time/time.go:400.16,401.54 1 0
go.starlark.net/lib/time/time.go:402.16,403.54 1 0
go.starlark.net/lib/time/time.go:404.20,405.58 1 0
go.starlark.net/lib/time/time.go:406.14,407.54 1 1
go.starlark.net/lib/time/time.go:408.19,409.58 1 1
go.starlark.net/lib/time/time.go:416.36,428.2 1 0
go.starlark.net/lib/time/time.go:432.92,436.17 4 1
go.starlark.net/lib/time/time.go:441.2,441.30 1 1
go.starlark.net/lib/time/time.go:436.17,438.3 1 1
go.starlark.net/lib/time/time.go:438.8,438.23 1 1
go.starlark.net/lib/time/time.go:438.23,440.3 1 1
go.starlark.net/lib/time/time.go:446.102,449.12 2 1
go.starlark.net/lib/time/time.go:474.2,474.17 1 0
go.starlark.net/lib/time/time.go:450.19,451.25 1 0
go.starlark.net/lib/time/time.go:458.20,459.25 1 1
go.starlark.net/lib/time/time.go:452.17,454.45 1 0
go.starlark.net/lib/time/time.go:455.13,455.13 0 0
go.starlark.net/lib/time/time.go:460.17,462.46 1 0
go.starlark.net/lib/time/time.go:463.13,465.29 1 1
go.starlark.net/lib/time/time.go:465.29,467.5 1 1
go.starlark.net/lib/time/time.go:467.10,469.5 1 0
go.starlark.net/lib/time/time.go:482.123,484.77 2 1
go.starlark.net/lib/time/time.go:488.2,489.53 2 1
go.starlark.net/lib/time/time.go:484.77,486.3 1 0
go.starlark.net/lib/time/time.go:492.119,494.82 2 1
go.starlark.net/lib/time/time.go:497.2,498.16 2 1
go.starlark.net/lib/time/time.go:502.2,503.32 2 1
go.starlark.net/lib/time/time.go:494.82,496.3 1 0
go.starlark.net/lib/time/time.go:498.16,500.3 1 0
go.starlark.net/lib/time/time.go:508.110,510.19 2 1
go.starlark.net/lib/time/time.go:515.2,515.131 1 1
go.starlark.net/lib/time/time.go:518.2,518.64 1 1
go.starlark.net/lib/time/time.go:510.19,512.3 1 0
go.starlark.net/lib/time/time.go:515.131,517.3 1 1
go.starlark.net/lib/time/time.go:521.66,523.28 2 0
go.starlark.net/lib/time/time.go:526.2,527.14 2 0
go.starlark.net/lib/time/time.go:523.28,525.3 1 0
go.starlark.net/lib/time/time.go:532.46,533.12 1 1
go.starlark.net/lib/time/time.go:547.2,547.11 1 0
go.starlark.net/lib/time/time.go:534.18,535.18 1 1
go.starlark.net/lib/time/time.go:536.18,537.18 1 1
go.starlark.net/lib/time/time.go:538.17,539.18 1 0
go.starlark.net/lib/time/time.go:540.17,541.17 1 1
go.starlark.net/lib/time/time.go:542.17,543.18 1 0
go.starlark.net/lib/time/time.go:544.17,545.17 1 1
